<?xml version="1.0" encoding="UTF-8"?>
<!-- Generated by org.testng.reporters.JUnitReportReporter -->
<testsuite hostname="IN-PG03525F" failures="0" tests="2" name="tests.SearchTest" time="46.114" errors="0" timestamp="2024-04-30T09:08:23 IST" skipped="0">
  <testcase classname="tests.SearchTest" name="Search" time="17.665"/>
  <system-out/>
  <testcase classname="tests.SearchTest" name="Search" time="28.449"/>
  <system-out/>
</testsuite> <!-- tests.SearchTest -->
