<?xml version="1.0" encoding="UTF-8"?>
<!-- Generated by org.testng.reporters.JUnitReportReporter -->
<testsuite hostname="IN-PG03525F" failures="0" tests="2" name="tests.LoginTest" time="25.447" errors="0" timestamp="2024-04-30T09:08:23 IST" skipped="0">
  <testcase classname="tests.LoginTest" name="login" time="17.063"/>
  <system-out/>
  <testcase classname="tests.LoginTest" name="login" time="8.384"/>
  <system-out/>
</testsuite> <!-- tests.LoginTest -->
