<?xml version="1.0" encoding="UTF-8"?>
<!-- Generated by org.testng.reporters.JUnitReportReporter -->
<testsuite hostname="IN-PG03525F" failures="0" tests="1" name="tests.SortTest" time="12.734" errors="0" timestamp="2024-04-30T09:08:23 IST" skipped="0">
  <testcase classname="tests.SortTest" name="Search" time="12.734"/>
  <system-out/>
</testsuite> <!-- tests.SortTest -->
