<?xml version="1.0" encoding="UTF-8"?>
<!-- Generated by org.testng.reporters.JUnitReportReporter -->
<testsuite hostname="IN-PG03525F" failures="0" tests="2" name="tests.SearchTest" time="41.281" errors="0" timestamp="2024-05-02T09:29:48 IST" skipped="0">
  <testcase classname="tests.SearchTest" name="Search" time="16.413"/>
  <testcase classname="tests.SearchTest" name="Search" time="24.868"/>
</testsuite> <!-- tests.SearchTest -->
