<?xml version="1.0" encoding="UTF-8"?>
<!-- Generated by org.testng.reporters.JUnitReportReporter -->
<testsuite hostname="IN-PG03525F" failures="0" tests="1" name="tests.SortTest" time="12.329" errors="0" timestamp="2024-05-02T09:29:48 IST" skipped="0">
  <testcase classname="tests.SortTest" name="Search" time="12.329"/>
</testsuite> <!-- tests.SortTest -->
