<?xml version="1.0" encoding="UTF-8"?>
<!-- Generated by org.testng.reporters.JUnitReportReporter -->
<testsuite hostname="IN-PG03525F" failures="0" tests="2" name="tests.LoginTest" time="19.927" errors="0" timestamp="2024-05-02T09:29:48 IST" skipped="0">
  <testcase classname="tests.LoginTest" name="login" time="14.287"/>
  <testcase classname="tests.LoginTest" name="login" time="5.640"/>
</testsuite> <!-- tests.LoginTest -->
